<?xml version="1.0" encoding="UTF-8"?>
<testng-results ignored="0" total="1" passed="1" failed="0" skipped="0">
  <reporter-output>
  </reporter-output>
  <suite started-at="2022-09-29T00:40:28Z" name="Default suite" finished-at="2022-09-29T00:40:34Z" duration-ms="6402">
    <groups>
    </groups>
    <test started-at="2022-09-29T00:40:28Z" name="Default test" finished-at="2022-09-29T00:40:34Z" duration-ms="6402">
      <class name="testCases_SignIn.TC_03_SignIn">
        <test-method is-config="true" signature="startWebDriver()[pri:0, instance:testCases_SignIn.TC_03_SignIn@724c5cbe]" started-at="2022-09-28T18:40:28Z" name="startWebDriver" finished-at="2022-09-28T18:40:31Z" duration-ms="2651" status="PASS">
          <reporter-output>
          </reporter-output>
        </test-method> <!-- startWebDriver -->
        <test-method signature="TC_03()[pri:0, instance:testCases_SignIn.TC_03_SignIn@724c5cbe]" started-at="2022-09-28T18:40:31Z" name="TC_03" finished-at="2022-09-28T18:40:34Z" duration-ms="3448" status="PASS">
          <reporter-output>
          </reporter-output>
        </test-method> <!-- TC_03 -->
        <test-method is-config="true" signature="closeDriver()[pri:0, instance:testCases_SignIn.TC_03_SignIn@724c5cbe]" started-at="2022-09-28T18:40:34Z" name="closeDriver" finished-at="2022-09-28T18:40:34Z" duration-ms="274" status="PASS">
          <reporter-output>
          </reporter-output>
        </test-method> <!-- closeDriver -->
      </class> <!-- testCases_SignIn.TC_03_SignIn -->
    </test> <!-- Default test -->
  </suite> <!-- Default suite -->
</testng-results>
